# JRE version: Java(TM) SE Runtime Environment (8.0_45-b14) (build 1.8.0_45-b14)
# Java VM: Java HotSpot(TM) 64-Bit Server VM (25.45-b02 mixed mode windows-amd64 compressed oops)
Heap:
 PSYoungGen      total 453632K, used 403533K [0x00000000e0000000, 0x0000000100000000, 0x0000000100000000)
  eden space 404480K, 87% used [0x00000000e0000000,0x00000000f5a15ec8,0x00000000f8b00000)
  from space 49152K, 99% used [0x00000000fcd80000,0x00000000ffd7d6b8,0x00000000ffd80000)
  to   space 59904K, 0% used [0x00000000f8b00000,0x00000000f8b00000,0x00000000fc580000)
 ParOldGen       total 195072K, used 148464K [0x00000000a0000000, 0x00000000abe80000, 0x00000000e0000000)
  object space 195072K, 76% used [0x00000000a0000000,0x00000000a90fc1b8,0x00000000abe80000)
 Metaspace       used 88797K, capacity 93276K, committed 93400K, reserved 1130496K
  class space    used 11377K, capacity 12196K, committed 12288K, reserved 1048576K
GC Heap History (10 events):
Event: 970.470 GC heap before
{Heap before GC invocations=20 (full 4):
 PSYoungGen      total 497152K, used 472576K [0x00000000e0000000, 0x0000000100000000, 0x0000000100000000)
  eden space 472576K, 100% used [0x00000000e0000000,0x00000000fcd80000,0x00000000fcd80000)
  from space 24576K, 0% used [0x00000000fcd80000,0x00000000fcd80000,0x00000000fe580000)
  to   space 27136K, 0% used [0x00000000fe580000,0x00000000fe580000,0x0000000100000000)
 ParOldGen       total 195072K, used 98505K [0x00000000a0000000, 0x00000000abe80000, 0x00000000e0000000)
  object space 195072K, 50% used [0x00000000a0000000,0x00000000a6032630,0x00000000abe80000)
 Metaspace       used 84458K, capacity 88020K, committed 89432K, reserved 1126400K
  class space    used 10945K, capacity 11630K, committed 11904K, reserved 1048576K
Event: 970.552 GC heap after
Heap after GC invocations=20 (full 4):
 PSYoungGen      total 455168K, used 27107K [0x00000000e0000000, 0x0000000100000000, 0x0000000100000000)
  eden space 428032K, 0% used [0x00000000e0000000,0x00000000e0000000,0x00000000fa200000)
  from space 27136K, 99% used [0x00000000fe580000,0x00000000ffff8c68,0x0000000100000000)
  to   space 48128K, 0% used [0x00000000fa200000,0x00000000fa200000,0x00000000fd100000)
 ParOldGen       total 195072K, used 117539K [0x00000000a0000000, 0x00000000abe80000, 0x00000000e0000000)
  object space 195072K, 60% used [0x00000000a0000000,0x00000000a72c8c48,0x00000000abe80000)
 Metaspace       used 84458K, capacity 88020K, committed 89432K, reserved 1126400K
  class space    used 10945K, capacity 11630K, committed 11904K, reserved 1048576K
}
Event: 1044.377 GC heap before
{Heap before GC invocations=21 (full 4):
 PSYoungGen      total 455168K, used 455139K [0x00000000e0000000, 0x0000000100000000, 0x0000000100000000)
  eden space 428032K, 100% used [0x00000000e0000000,0x00000000fa200000,0x00000000fa200000)
  from space 27136K, 99% used [0x00000000fe580000,0x00000000ffff8c68,0x0000000100000000)
  to   space 48128K, 0% used [0x00000000fa200000,0x00000000fa200000,0x00000000fd100000)
 ParOldGen       total 195072K, used 117539K [0x00000000a0000000, 0x00000000abe80000, 0x00000000e0000000)
  object space 195072K, 60% used [0x00000000a0000000,0x00000000a72c8c48,0x00000000abe80000)
 Metaspace       used 85042K, capacity 88756K, committed 89432K, reserved 1126400K
  class space    used 11000K, capacity 11708K, committed 11904K, reserved 1048576K
Event: 1044.418 GC heap after
Heap after GC invocations=21 (full 4):
 PSYoungGen      total 464896K, used 36695K [0x00000000e0000000, 0x0000000100000000, 0x0000000100000000)
  eden space 428032K, 0% used [0x00000000e0000000,0x00000000e0000000,0x00000000fa200000)
  from space 36864K, 99% used [0x00000000fa200000,0x00000000fc5d5fa8,0x00000000fc600000)
  to   space 51712K, 0% used [0x00000000fcd80000,0x00000000fcd80000,0x0000000100000000)
 ParOldGen       total 195072K, used 138782K [0x00000000a0000000, 0x00000000abe80000, 0x00000000e0000000)
  object space 195072K, 71% used [0x00000000a0000000,0x00000000a8787ab0,0x00000000abe80000)
 Metaspace       used 85042K, capacity 88756K, committed 89432K, reserved 1126400K
  class space    used 11000K, capacity 11708K, committed 11904K, reserved 1048576K
}
Event: 1085.748 GC heap before
{Heap before GC invocations=22 (full 4):
 PSYoungGen      total 464896K, used 464727K [0x00000000e0000000, 0x0000000100000000, 0x0000000100000000)
  eden space 428032K, 100% used [0x00000000e0000000,0x00000000fa200000,0x00000000fa200000)
  from space 36864K, 99% used [0x00000000fa200000,0x00000000fc5d5fa8,0x00000000fc600000)
  to   space 51712K, 0% used [0x00000000fcd80000,0x00000000fcd80000,0x0000000100000000)
 ParOldGen       total 195072K, used 138782K [0x00000000a0000000, 0x00000000abe80000, 0x00000000e0000000)
  object space 195072K, 71% used [0x00000000a0000000,0x00000000a8787ab0,0x00000000abe80000)
 Metaspace       used 85893K, capacity 89738K, committed 89944K, reserved 1128448K
  class space    used 11079K, capacity 11795K, committed 11904K, reserved 1048576K
Event: 1085.762 GC heap after
Heap after GC invocations=22 (full 4):
 PSYoungGen      total 475136K, used 22738K [0x00000000e0000000, 0x0000000100000000, 0x0000000100000000)
  eden space 423424K, 0% used [0x00000000e0000000,0x00000000e0000000,0x00000000f9d80000)
  from space 51712K, 43% used [0x00000000fcd80000,0x00000000fe3b4928,0x0000000100000000)
  to   space 49152K, 0% used [0x00000000f9d80000,0x00000000f9d80000,0x00000000fcd80000)
 ParOldGen       total 195072K, used 138790K [0x00000000a0000000, 0x00000000abe80000, 0x00000000e0000000)
  object space 195072K, 71% used [0x00000000a0000000,0x00000000a8789ab0,0x00000000abe80000)
 Metaspace       used 85893K, capacity 89738K, committed 89944K, reserved 1128448K
  class space    used 11079K, capacity 11795K, committed 11904K, reserved 1048576K
}
Event: 1089.329 GC heap before
{Heap before GC invocations=23 (full 4):
 PSYoungGen      total 475136K, used 444380K [0x00000000e0000000, 0x0000000100000000, 0x0000000100000000)
  eden space 423424K, 99% used [0x00000000e0000000,0x00000000f9bc2770,0x00000000f9d80000)
  from space 51712K, 43% used [0x00000000fcd80000,0x00000000fe3b4928,0x0000000100000000)
  to   space 49152K, 0% used [0x00000000f9d80000,0x00000000f9d80000,0x00000000fcd80000)
 ParOldGen       total 195072K, used 138790K [0x00000000a0000000, 0x00000000abe80000, 0x00000000e0000000)
  object space 195072K, 71% used [0x00000000a0000000,0x00000000a8789ab0,0x00000000abe80000)
 Metaspace       used 86938K, capacity 90826K, committed 91096K, reserved 1128448K
  class space    used 11179K, capacity 11901K, committed 12032K, reserved 1048576K
Event: 1089.343 GC heap after
Heap after GC invocations=23 (full 4):
 PSYoungGen      total 472576K, used 29920K [0x00000000e0000000, 0x00000000ffd80000, 0x0000000100000000)
  eden space 423424K, 0% used [0x00000000e0000000,0x00000000e0000000,0x00000000f9d80000)
  from space 49152K, 60% used [0x00000000f9d80000,0x00000000fbab8308,0x00000000fcd80000)
  to   space 49152K, 0% used [0x00000000fcd80000,0x00000000fcd80000,0x00000000ffd80000)
 ParOldGen       total 195072K, used 138798K [0x00000000a0000000, 0x00000000abe80000, 0x00000000e0000000)
  object space 195072K, 71% used [0x00000000a0000000,0x00000000a878bab0,0x00000000abe80000)
 Metaspace       used 86938K, capacity 90826K, committed 91096K, reserved 1128448K
  class space    used 11179K, capacity 11901K, committed 12032K, reserved 1048576K
}
Event: 1140.230 GC heap before
{Heap before GC invocations=24 (full 4):
 PSYoungGen      total 472576K, used 453344K [0x00000000e0000000, 0x00000000ffd80000, 0x0000000100000000)
  eden space 423424K, 100% used [0x00000000e0000000,0x00000000f9d80000,0x00000000f9d80000)
  from space 49152K, 60% used [0x00000000f9d80000,0x00000000fbab8308,0x00000000fcd80000)
  to   space 49152K, 0% used [0x00000000fcd80000,0x00000000fcd80000,0x00000000ffd80000)
 ParOldGen       total 195072K, used 138798K [0x00000000a0000000, 0x00000000abe80000, 0x00000000e0000000)
  object space 195072K, 71% used [0x00000000a0000000,0x00000000a878bab0,0x00000000abe80000)
 Metaspace       used 88334K, capacity 92682K, committed 92760K, reserved 1130496K
  class space    used 11345K, capacity 12125K, committed 12160K, reserved 1048576K
Event: 1140.265 GC heap after
Heap after GC invocations=24 (full 4):
 PSYoungGen      total 453632K, used 49141K [0x00000000e0000000, 0x0000000100000000, 0x0000000100000000)
  eden space 404480K, 0% used [0x00000000e0000000,0x00000000e0000000,0x00000000f8b00000)
  from space 49152K, 99% used [0x00000000fcd80000,0x00000000ffd7d6b8,0x00000000ffd80000)
  to   space 59904K, 0% used [0x00000000f8b00000,0x00000000f8b00000,0x00000000fc580000)
 ParOldGen       total 195072K, used 148464K [0x00000000a0000000, 0x00000000abe80000, 0x00000000e0000000)
  object space 195072K, 76% used [0x00000000a0000000,0x00000000a90fc1b8,0x00000000abe80000)
 Metaspace       used 88334K, capacity 92682K, committed 92760K, reserved 1130496K
  class space    used 11345K, capacity 12125K, committed 12160K, reserved 1048576K
}

