# JRE version: Java(TM) SE Runtime Environment (8.0_45-b14) (build 1.8.0_45-b14)
# Java VM: Java HotSpot(TM) 64-Bit Server VM (25.45-b02 mixed mode windows-amd64 compressed oops)
Heap:
 PSYoungGen      total 329728K, used 204624K [0x00000000e0000000, 0x00000000f9780000, 0x0000000100000000)
  eden space 301056K, 58% used [0x00000000e0000000,0x00000000eabd75c8,0x00000000f2600000)
  from space 28672K, 99% used [0x00000000f7780000,0x00000000f937ccb8,0x00000000f9380000)
  to   space 4096K, 0% used [0x00000000f9380000,0x00000000f9380000,0x00000000f9780000)
 ParOldGen       total 136192K, used 44217K [0x00000000a0000000, 0x00000000a8500000, 0x00000000e0000000)
  object space 136192K, 32% used [0x00000000a0000000,0x00000000a2b2e6d0,0x00000000a8500000)
 Metaspace       used 83165K, capacity 86482K, committed 86784K, reserved 1124352K
  class space    used 10824K, capacity 11472K, committed 11520K, reserved 1048576K
GC Heap History (10 events):
Event: 11.016 GC heap before
{Heap before GC invocations=10 (full 2):
 PSYoungGen      total 242688K, used 159675K [0x00000000e0000000, 0x00000000f7100000, 0x0000000100000000)
  eden space 228352K, 63% used [0x00000000e0000000,0x00000000e8df2b18,0x00000000edf00000)
  from space 14336K, 99% used [0x00000000edf00000,0x00000000eecfc260,0x00000000eed00000)
  to   space 20992K, 0% used [0x00000000f5c80000,0x00000000f5c80000,0x00000000f7100000)
 ParOldGen       total 96768K, used 33491K [0x00000000a0000000, 0x00000000a5e80000, 0x00000000e0000000)
  object space 96768K, 34% used [0x00000000a0000000,0x00000000a20b4f98,0x00000000a5e80000)
 Metaspace       used 57427K, capacity 59082K, committed 59160K, reserved 1099776K
  class space    used 7919K, capacity 8302K, committed 8320K, reserved 1048576K
Event: 11.037 GC heap after
Heap after GC invocations=10 (full 2):
 PSYoungGen      total 346112K, used 20973K [0x00000000e0000000, 0x00000000f7100000, 0x0000000100000000)
  eden space 325120K, 0% used [0x00000000e0000000,0x00000000e0000000,0x00000000f3d80000)
  from space 20992K, 99% used [0x00000000f5c80000,0x00000000f70fb7f0,0x00000000f7100000)
  to   space 26112K, 0% used [0x00000000f3e00000,0x00000000f3e00000,0x00000000f5780000)
 ParOldGen       total 96768K, used 37573K [0x00000000a0000000, 0x00000000a5e80000, 0x00000000e0000000)
  object space 96768K, 38% used [0x00000000a0000000,0x00000000a24b16a0,0x00000000a5e80000)
 Metaspace       used 57427K, capacity 59082K, committed 59160K, reserved 1099776K
  class space    used 7919K, capacity 8302K, committed 8320K, reserved 1048576K
}
Event: 11.037 GC heap before
{Heap before GC invocations=11 (full 3):
 PSYoungGen      total 346112K, used 20973K [0x00000000e0000000, 0x00000000f7100000, 0x0000000100000000)
  eden space 325120K, 0% used [0x00000000e0000000,0x00000000e0000000,0x00000000f3d80000)
  from space 20992K, 99% used [0x00000000f5c80000,0x00000000f70fb7f0,0x00000000f7100000)
  to   space 26112K, 0% used [0x00000000f3e00000,0x00000000f3e00000,0x00000000f5780000)
 ParOldGen       total 96768K, used 37573K [0x00000000a0000000, 0x00000000a5e80000, 0x00000000e0000000)
  object space 96768K, 38% used [0x00000000a0000000,0x00000000a24b16a0,0x00000000a5e80000)
 Metaspace       used 57427K, capacity 59082K, committed 59160K, reserved 1099776K
  class space    used 7919K, capacity 8302K, committed 8320K, reserved 1048576K
Event: 11.180 GC heap after
Heap after GC invocations=11 (full 3):
 PSYoungGen      total 346112K, used 0K [0x00000000e0000000, 0x00000000f7100000, 0x0000000100000000)
  eden space 325120K, 0% used [0x00000000e0000000,0x00000000e0000000,0x00000000f3d80000)
  from space 20992K, 0% used [0x00000000f5c80000,0x00000000f5c80000,0x00000000f7100000)
  to   space 26112K, 0% used [0x00000000f3e00000,0x00000000f3e00000,0x00000000f5780000)
 ParOldGen       total 136192K, used 38911K [0x00000000a0000000, 0x00000000a8500000, 0x00000000e0000000)
  object space 136192K, 28% used [0x00000000a0000000,0x00000000a25ffc78,0x00000000a8500000)
 Metaspace       used 57427K, capacity 59082K, committed 59160K, reserved 1099776K
  class space    used 7919K, capacity 8302K, committed 8320K, reserved 1048576K
}
Event: 5287.858 GC heap before
{Heap before GC invocations=12 (full 3):
 PSYoungGen      total 346112K, used 325120K [0x00000000e0000000, 0x00000000f7100000, 0x0000000100000000)
  eden space 325120K, 100% used [0x00000000e0000000,0x00000000f3d80000,0x00000000f3d80000)
  from space 20992K, 0% used [0x00000000f5c80000,0x00000000f5c80000,0x00000000f7100000)
  to   space 26112K, 0% used [0x00000000f3e00000,0x00000000f3e00000,0x00000000f5780000)
 ParOldGen       total 136192K, used 38911K [0x00000000a0000000, 0x00000000a8500000, 0x00000000e0000000)
  object space 136192K, 28% used [0x00000000a0000000,0x00000000a25ffc78,0x00000000a8500000)
 Metaspace       used 63324K, capacity 65384K, committed 65536K, reserved 1105920K
  class space    used 8453K, capacity 8939K, committed 8960K, reserved 1048576K
Event: 5287.875 GC heap after
Heap after GC invocations=12 (full 3):
 PSYoungGen      total 351744K, used 13888K [0x00000000e0000000, 0x00000000faf80000, 0x0000000100000000)
  eden space 325632K, 0% used [0x00000000e0000000,0x00000000e0000000,0x00000000f3e00000)
  from space 26112K, 53% used [0x00000000f3e00000,0x00000000f4b90320,0x00000000f5780000)
  to   space 25088K, 0% used [0x00000000f9700000,0x00000000f9700000,0x00000000faf80000)
 ParOldGen       total 136192K, used 38919K [0x00000000a0000000, 0x00000000a8500000, 0x00000000e0000000)
  object space 136192K, 28% used [0x00000000a0000000,0x00000000a2601c78,0x00000000a8500000)
 Metaspace       used 63324K, capacity 65384K, committed 65536K, reserved 1105920K
  class space    used 8453K, capacity 8939K, committed 8960K, reserved 1048576K
}
Event: 5292.471 GC heap before
{Heap before GC invocations=13 (full 3):
 PSYoungGen      total 351744K, used 339520K [0x00000000e0000000, 0x00000000faf80000, 0x0000000100000000)
  eden space 325632K, 100% used [0x00000000e0000000,0x00000000f3e00000,0x00000000f3e00000)
  from space 26112K, 53% used [0x00000000f3e00000,0x00000000f4b90320,0x00000000f5780000)
  to   space 25088K, 0% used [0x00000000f9700000,0x00000000f9700000,0x00000000faf80000)
 ParOldGen       total 136192K, used 38919K [0x00000000a0000000, 0x00000000a8500000, 0x00000000e0000000)
  object space 136192K, 28% used [0x00000000a0000000,0x00000000a2601c78,0x00000000a8500000)
 Metaspace       used 78027K, capacity 80470K, committed 80640K, reserved 1120256K
  class space    used 10206K, capacity 10728K, committed 10752K, reserved 1048576K
Event: 5292.491 GC heap after
Heap after GC invocations=13 (full 3):
 PSYoungGen      total 337920K, used 25070K [0x00000000e0000000, 0x00000000faf80000, 0x0000000100000000)
  eden space 312832K, 0% used [0x00000000e0000000,0x00000000e0000000,0x00000000f3180000)
  from space 25088K, 99% used [0x00000000f9700000,0x00000000faf7b9d8,0x00000000faf80000)
  to   space 28672K, 0% used [0x00000000f7780000,0x00000000f7780000,0x00000000f9380000)
 ParOldGen       total 136192K, used 39446K [0x00000000a0000000, 0x00000000a8500000, 0x00000000e0000000)
  object space 136192K, 28% used [0x00000000a0000000,0x00000000a2685b18,0x00000000a8500000)
 Metaspace       used 78027K, capacity 80470K, committed 80640K, reserved 1120256K
  class space    used 10206K, capacity 10728K, committed 10752K, reserved 1048576K
}
Event: 5294.658 GC heap before
{Heap before GC invocations=14 (full 3):
 PSYoungGen      total 337920K, used 337902K [0x00000000e0000000, 0x00000000faf80000, 0x0000000100000000)
  eden space 312832K, 100% used [0x00000000e0000000,0x00000000f3180000,0x00000000f3180000)
  from space 25088K, 99% used [0x00000000f9700000,0x00000000faf7b9d8,0x00000000faf80000)
  to   space 28672K, 0% used [0x00000000f7780000,0x00000000f7780000,0x00000000f9380000)
 ParOldGen       total 136192K, used 39446K [0x00000000a0000000, 0x00000000a8500000, 0x00000000e0000000)
  object space 136192K, 28% used [0x00000000a0000000,0x00000000a2685b18,0x00000000a8500000)
 Metaspace       used 82392K, capacity 85580K, committed 85632K, reserved 1124352K
  class space    used 10746K, capacity 11369K, committed 11392K, reserved 1048576K
Event: 5294.683 GC heap after
Heap after GC invocations=14 (full 3):
 PSYoungGen      total 329728K, used 28659K [0x00000000e0000000, 0x00000000f9780000, 0x0000000100000000)
  eden space 301056K, 0% used [0x00000000e0000000,0x00000000e0000000,0x00000000f2600000)
  from space 28672K, 99% used [0x00000000f7780000,0x00000000f937ccb8,0x00000000f9380000)
  to   space 4096K, 0% used [0x00000000f9380000,0x00000000f9380000,0x00000000f9780000)
 ParOldGen       total 136192K, used 44217K [0x00000000a0000000, 0x00000000a8500000, 0x00000000e0000000)
  object space 136192K, 32% used [0x00000000a0000000,0x00000000a2b2e6d0,0x00000000a8500000)
 Metaspace       used 82392K, capacity 85580K, committed 85632K, reserved 1124352K
  class space    used 10746K, capacity 11369K, committed 11392K, reserved 1048576K
}

